// 重构日志: 9cc43f02
// 重构日志: c82fe517
// 重构日志: f5fa5a15
// 重构日志: a6a49b31
// 重构日志: 106583bb
// 同步 ID: 3fa0092b @ Thu May 28 11:40:09 UTC 2026
// 重构日志: a052e28f
// 重构日志: b3d3152e
// 重构日志: af388ed7
// 同步 ID: 45ffc308 @ Sun Jun  7 15:51:42 UTC 2026
// 同步 ID: 3ae60243 @ Tue Jun  9 20:04:07 UTC 2026
// 重构日志: acf23101
// 同步 ID: 6dbb4ae2 @ Fri Jun 12 18:08:47 UTC 2026
// 重构日志: d19e3613
// 重构日志: 28e2c123
// 同步 ID: c1d63842 @ Sun Jun 14 15:31:12 UTC 2026
// 重构日志: 31e2ca01
// 同步 ID: 90ff9a7d @ Tue Jun 16 12:30:24 UTC 2026
// 重构日志: da7313c3
// 重构日志: 17f92295
// 重构日志: 4a5f46cc
// 同步 ID: a2b6a5e6 @ Thu Jun 18 23:16:32 UTC 2026
// 重构日志: 1cbef3eb
